WARNING: All log messages before absl::InitializeLog() is called are written to STDERR
E0000 00:00:1782064105.342112  217450 cuda_executor.cc:1309] INTERNAL: CUDA Runtime error: Failed call to cudaGetRuntimeVersion: Error loading CUDA libraries. GPU will not be used.: Error loading CUDA libraries. GPU will not be used.
W0000 00:00:1782064105.348634  217450 gpu_device.cc:2342] Cannot dlopen some GPU libraries. Please make sure the missing libraries mentioned above are installed properly if you would like to use GPU. Follow the guide at https://www.tensorflow.org/install/gpu for how to download and setup the required libraries for your platform.
Skipping registering GPU devices...
I0000 00:00:1782064105.703214  217450 device_compiler.h:196] Compiled cluster using XLA!  This line is logged at most once for the lifetime of the process.
WARNING:tensorflow:5 out of the last 5 calls to <function MediaTransformer.forward at 0x7fc44fc6be20> triggered tf.function retracing. Tracing is expensive and the excessive number of tracings could be due to (1) creating @tf.function repeatedly in a loop, (2) passing tensors with different shapes, (3) passing Python objects instead of tensors. For (1), please define your @tf.function outside of the loop. For (2), @tf.function has reduce_retracing=True option that can avoid unnecessary retracing. For (3), please refer to https://www.tensorflow.org/guide/function#controlling_retracing and https://www.tensorflow.org/api_docs/python/tf/function for  more details.

=================================================================
  MERIDIAN PROFILING — MCMC PRODUCCIÓN
  Perfil: PEQUENO | Backend: TF
  Geos: 2 | Media ch: 3 | RF ch: 2 | Tiempo: 52 semanas
  MCMC: 4 cadenas × (500 adapt + 500 burnin + 500 keep) = 6000 steps totales
  Datos estimados: ~0.0 MB (arrays float32)
=================================================================

  [warmup] Cargando módulos...
  [warmup] Listo en 2.3s


▶  Midiendo: 1. InputData (xarray)
   ───────────────────────────────────────────────────────
   ⏱  Tiempo:        0.185s
   🧠 Memoria delta: 0.35 MB

=================================================================
  DIMENSIONES DEL DATASET
=================================================================
  kpi shape     = (2, 52)
  media shape   = (2, 55, 3)
  reach shape   = (2, 55, 2)
  controls      = (2, 52, 2)
  Datos (float32): ~0.01 MB
=================================================================


▶  Midiendo: 2. Meridian (instanciacion)
   ───────────────────────────────────────────────────────
   ⏱  Tiempo:        0.673s
   🧠 Memoria delta: 3.11 MB

▶  Midiendo: 3. MCMC produccion (4c×1500 steps)
   ───────────────────────────────────────────────────────
   ⏱  Tiempo:        231.137s
   🧠 Memoria delta: 263.13 MB

▶  Midiendo: 4. Analyzer (incremental_outcome)
   ───────────────────────────────────────────────────────
   ⏱  Tiempo:        7.578s
   🧠 Memoria delta: 2.66 MB

=================================================================
  RESUMEN — PEQUENO | TF
=================================================================
  Fase                                     Tiempo (s)  Mem Δ (MB)
  ────────────────────────────────────────────────────────────
  1. InputData (xarray)                        0.185        0.35
  2. Meridian (instanciacion)                  0.673        3.11
  3. MCMC produccion (4c×1500 steps)         231.137      263.13
  4. Analyzer (incremental_outcome)            7.578        2.66
  ────────────────────────────────────────────────────────────
  TOTAL                                      239.573      269.26
=================================================================


=================================================================
  HOTSPOTS DE CPU
=================================================================

  ▸ 1. InputData (xarray)
    ───────────────────────────────────────────────────────
       List reduced from 811 to 15 due to restriction <15>
            1    0.000    0.000    0.185    0.185 /home/javilazaro/Documents/meridian-profiling/meridian_synthetic_data.py:95(construir_input_data)
            1    0.000    0.000    0.185    0.185 /home/javilazaro/Documents/meridian/meridian/data/test_utils.py:1790(sample_input_data_revenue)
            1    0.000    0.000    0.158    0.158 <string>:2(__init__)
            1    0.000    0.000    0.158    0.158 /home/javilazaro/Documents/meridian/meridian/data/input_data.py:291(__post_init__)
            1    0.000    0.000    0.128    0.128 /home/javilazaro/Documents/meridian/meridian/data/input_data.py:783(_validate_time_formats)
            8    0.001    0.000    0.128    0.016 /home/javilazaro/Documents/meridian/meridian/data/validator.py:22(validate_time_coord_format)
          440    0.000    0.000    0.080    0.000 /home/javilazaro/.local/lib/python3.13/site-packages/xarray/core/dataarray.py:888(__getitem__)
          435    0.000    0.000    0.079    0.000 /home/javilazaro/.local/lib/python3.13/site-packages/xarray/core/common.py:208(_iter)
          429    0.004    0.000    0.073    0.000 /home/javilazaro/.local/lib/python3.13/site-packages/xarray/core/dataarray.py:1509(isel)

  ▸ 2. Meridian (instanciacion)
    ───────────────────────────────────────────────────────
       List reduced from 2391 to 15 due to restriction <15>
            8    0.000    0.000    0.595    0.074 /home/javilazaro/.local/lib/python3.13/site-packages/tensorflow/python/util/tf_stack.py:45(__enter__)
            4    0.000    0.000    0.296    0.074 /home/javilazaro/.local/lib/python3.13/site-packages/tensorflow/python/autograph/impl/api.py:260(_convert_actual)
            4    0.000    0.000    0.296    0.074 /home/javilazaro/.local/lib/python3.13/site-packages/tensorflow/python/autograph/pyct/transpiler.py:266(transform)
            4    0.000    0.000    0.296    0.074 /home/javilazaro/.local/lib/python3.13/site-packages/tensorflow/python/autograph/pyct/transpiler.py:432(transform_function)
    12248/124    0.013    0.000    0.241    0.002 /usr/lib/python3.13/ast.py:418(visit)
            3    0.000    0.000    0.217    0.072 /home/javilazaro/.local/lib/python3.13/site-packages/tensorflow/python/autograph/pyct/transpiler.py:324(transform_function)
            3    0.000    0.000    0.199    0.066 /home/javilazaro/.local/lib/python3.13/site-packages/tensorflow/python/autograph/impl/api.py:235(transform_ast)
      635/491    0.001    0.000    0.183    0.000 /home/javilazaro/.local/lib/python3.13/site-packages/tensorflow/python/ops/weak_tensor_ops.py:140(wrapper)
     8473/290    0.032    0.000    0.181    0.001 /usr/lib/python3.13/ast.py:492(generic_visit)

  ▸ 3. MCMC produccion (4c×1500 steps)
    ───────────────────────────────────────────────────────
       List reduced from 4431 to 15 due to restriction <15>
            5    0.000    0.000   51.591   10.318 /home/javilazaro/.local/lib/python3.13/site-packages/tensorflow/python/eager/polymorphic_function/atomic_function.py:214(call_preflattened)
          107    0.000    0.000   51.589    0.482 /home/javilazaro/.local/lib/python3.13/site-packages/tensorflow/python/eager/execute.py:28(quick_execute)
          107   51.589    0.482   51.589    0.482 {built-in method tensorflow.python._pywrap_tfe.TFE_Py_Execute}
            5    0.000    0.000   51.583   10.317 /home/javilazaro/.local/lib/python3.13/site-packages/tensorflow/python/eager/context.py:1680(call_function)
        55280    0.270    0.000   27.258    0.000 /home/javilazaro/.local/lib/python3.13/site-packages/tensorflow/python/framework/constant_op.py:280(_constant_impl)
        55085    0.194    0.000   23.803    0.000 /home/javilazaro/.local/lib/python3.13/site-packages/tensorflow/python/framework/ops.py:277(_create_graph_constant)
    20422511/20375341    5.588    0.000   23.599    0.000 {built-in method builtins.isinstance}
    36369/16101    0.701    0.000   22.508    0.001 /home/javilazaro/.local/lib/python3.13/site-packages/tensorflow_probability/python/internal/auto_composite_tensor.py:265(from_instance)
    28791/18567    0.030    0.000   22.000    0.001 /home/javilazaro/.local/lib/python3.13/site-packages/tensorflow_probability/python/internal/auto_composite_tensor.py:717(_type_spec)

  ▸ 4. Analyzer (incremental_outcome)
    ───────────────────────────────────────────────────────
       List reduced from 1931 to 15 due to restriction <15>
           32    0.000    0.000    7.192    0.225 /home/javilazaro/.local/lib/python3.13/site-packages/tensorflow/python/autograph/impl/api.py:260(_convert_actual)
           32    0.020    0.001    7.192    0.225 /home/javilazaro/.local/lib/python3.13/site-packages/tensorflow/python/autograph/pyct/transpiler.py:266(transform)
           32    0.016    0.001    7.171    0.224 /home/javilazaro/.local/lib/python3.13/site-packages/tensorflow/python/autograph/pyct/transpiler.py:432(transform_function)
        55/17    0.002    0.000    6.935    0.408 /home/javilazaro/.local/lib/python3.13/site-packages/tensorflow/python/util/tf_stack.py:45(__enter__)
    246154/848    0.270    0.000    6.057    0.007 /usr/lib/python3.13/ast.py:418(visit)
           20    0.001    0.000    5.331    0.267 /home/javilazaro/.local/lib/python3.13/site-packages/tensorflow/python/autograph/pyct/transpiler.py:324(transform_function)
           20    0.012    0.001    5.055    0.253 /home/javilazaro/.local/lib/python3.13/site-packages/tensorflow/python/autograph/impl/api.py:235(transform_ast)
    165392/3242    0.695    0.000    4.770    0.001 /usr/lib/python3.13/ast.py:492(generic_visit)
    99380/440    0.541    0.000    4.585    0.010 /home/javilazaro/.local/lib/python3.13/site-packages/tensorflow/python/autograph/pyct/transformer.py:417(visit)

=================================================================
  HOTSPOTS DE MEMORIA
=================================================================

  ▸ 2. Meridian (instanciacion)
       +1.88 MB  <frozen abc>:123
       +0.06 MB  /usr/lib/python3.13/ast.py:420

  ▸ 3. MCMC produccion (4c×1500 steps)
      +55.01 MB  /home/javilazaro/.local/lib/python3.13/site-packages/tensorflow/python/framework/ops.py:266
      +54.12 MB  /home/javilazaro/.local/lib/python3.13/site-packages/tensorflow/python/framework/ops.py:3480
      +40.43 MB  /home/javilazaro/.local/lib/python3.13/site-packages/tensorflow/python/framework/ops.py:3471
      +18.79 MB  /home/javilazaro/.local/lib/python3.13/site-packages/tensorflow/python/framework/ops.py:1272
      +17.93 MB  /home/javilazaro/.local/lib/python3.13/site-packages/tensorflow/python/framework/ops.py:1222

  ▸ 4. Analyzer (incremental_outcome)
       +0.61 MB  /usr/lib/python3.13/linecache.py:172
       +0.61 MB  <frozen abc>:123
       +0.24 MB  <frozen importlib._bootstrap>:488
       +0.10 MB  <string>:1
       +0.08 MB  /usr/lib/python3.13/ast.py:420
