WARNING: All log messages before absl::InitializeLog() is called are written to STDERR
E0000 00:00:1782064358.196328  219641 cuda_executor.cc:1309] INTERNAL: CUDA Runtime error: Failed call to cudaGetRuntimeVersion: Error loading CUDA libraries. GPU will not be used.: Error loading CUDA libraries. GPU will not be used.
W0000 00:00:1782064358.202267  219641 gpu_device.cc:2342] Cannot dlopen some GPU libraries. Please make sure the missing libraries mentioned above are installed properly if you would like to use GPU. Follow the guide at https://www.tensorflow.org/install/gpu for how to download and setup the required libraries for your platform.
Skipping registering GPU devices...
I0000 00:00:1782064358.551164  219641 device_compiler.h:196] Compiled cluster using XLA!  This line is logged at most once for the lifetime of the process.
WARNING:tensorflow:5 out of the last 5 calls to <function MediaTransformer.forward at 0x7f588405b380> triggered tf.function retracing. Tracing is expensive and the excessive number of tracings could be due to (1) creating @tf.function repeatedly in a loop, (2) passing tensors with different shapes, (3) passing Python objects instead of tensors. For (1), please define your @tf.function outside of the loop. For (2), @tf.function has reduce_retracing=True option that can avoid unnecessary retracing. For (3), please refer to https://www.tensorflow.org/guide/function#controlling_retracing and https://www.tensorflow.org/api_docs/python/tf/function for  more details.

=================================================================
  MERIDIAN PROFILING — MCMC PRODUCCIÓN
  Perfil: MEDIANO | Backend: TF
  Geos: 10 | Media ch: 8 | RF ch: 4 | Tiempo: 104 semanas
  MCMC: 4 cadenas × (500 adapt + 500 burnin + 500 keep) = 6000 steps totales
  Datos estimados: ~0.1 MB (arrays float32)
=================================================================

  [warmup] Cargando módulos...
  [warmup] Listo en 2.3s


▶  Midiendo: 1. InputData (xarray)
   ───────────────────────────────────────────────────────
   ⏱  Tiempo:        0.311s
   🧠 Memoria delta: 0.67 MB

=================================================================
  DIMENSIONES DEL DATASET
=================================================================
  kpi shape     = (10, 104)
  media shape   = (10, 107, 8)
  reach shape   = (10, 107, 4)
  controls      = (10, 104, 4)
  Datos (float32): ~0.13 MB
=================================================================


▶  Midiendo: 2. Meridian (instanciacion)
   ───────────────────────────────────────────────────────
   ⏱  Tiempo:        0.671s
   🧠 Memoria delta: 3.14 MB

▶  Midiendo: 3. MCMC produccion (4c×1500 steps)
   ───────────────────────────────────────────────────────
   ⏱  Tiempo:        548.579s
   🧠 Memoria delta: 265.68 MB

▶  Midiendo: 4. Analyzer (incremental_outcome)
   ───────────────────────────────────────────────────────
   ⏱  Tiempo:        7.722s
   🧠 Memoria delta: 2.66 MB

=================================================================
  RESUMEN — MEDIANO | TF
=================================================================
  Fase                                     Tiempo (s)  Mem Δ (MB)
  ────────────────────────────────────────────────────────────
  1. InputData (xarray)                        0.311        0.67
  2. Meridian (instanciacion)                  0.671        3.14
  3. MCMC produccion (4c×1500 steps)         548.579      265.68
  4. Analyzer (incremental_outcome)            7.722        2.66
  ────────────────────────────────────────────────────────────
  TOTAL                                      557.283      272.14
=================================================================


=================================================================
  HOTSPOTS DE CPU
=================================================================

  ▸ 1. InputData (xarray)
    ───────────────────────────────────────────────────────
       List reduced from 811 to 15 due to restriction <15>
            1    0.000    0.000    0.311    0.311 /home/javilazaro/Documents/meridian-profiling/meridian_synthetic_data.py:95(construir_input_data)
            1    0.000    0.000    0.311    0.311 /home/javilazaro/Documents/meridian/meridian/data/test_utils.py:1790(sample_input_data_revenue)
            1    0.000    0.000    0.281    0.281 <string>:2(__init__)
            1    0.000    0.000    0.281    0.281 /home/javilazaro/Documents/meridian/meridian/data/input_data.py:291(__post_init__)
            1    0.000    0.000    0.250    0.250 /home/javilazaro/Documents/meridian/meridian/data/input_data.py:783(_validate_time_formats)
            8    0.002    0.000    0.250    0.031 /home/javilazaro/Documents/meridian/meridian/data/validator.py:22(validate_time_coord_format)
          856    0.001    0.000    0.156    0.000 /home/javilazaro/.local/lib/python3.13/site-packages/xarray/core/dataarray.py:888(__getitem__)
          851    0.000    0.000    0.155    0.000 /home/javilazaro/.local/lib/python3.13/site-packages/xarray/core/common.py:208(_iter)
          845    0.008    0.000    0.142    0.000 /home/javilazaro/.local/lib/python3.13/site-packages/xarray/core/dataarray.py:1509(isel)

  ▸ 2. Meridian (instanciacion)
    ───────────────────────────────────────────────────────
       List reduced from 2362 to 15 due to restriction <15>
            8    0.000    0.000    0.596    0.074 /home/javilazaro/.local/lib/python3.13/site-packages/tensorflow/python/util/tf_stack.py:45(__enter__)
            4    0.000    0.000    0.297    0.074 /home/javilazaro/.local/lib/python3.13/site-packages/tensorflow/python/autograph/impl/api.py:260(_convert_actual)
            4    0.000    0.000    0.297    0.074 /home/javilazaro/.local/lib/python3.13/site-packages/tensorflow/python/autograph/pyct/transpiler.py:266(transform)
            4    0.000    0.000    0.297    0.074 /home/javilazaro/.local/lib/python3.13/site-packages/tensorflow/python/autograph/pyct/transpiler.py:432(transform_function)
    12248/124    0.012    0.000    0.241    0.002 /usr/lib/python3.13/ast.py:418(visit)
            3    0.000    0.000    0.218    0.073 /home/javilazaro/.local/lib/python3.13/site-packages/tensorflow/python/autograph/pyct/transpiler.py:324(transform_function)
            3    0.000    0.000    0.199    0.066 /home/javilazaro/.local/lib/python3.13/site-packages/tensorflow/python/autograph/impl/api.py:235(transform_ast)
      635/491    0.001    0.000    0.182    0.000 /home/javilazaro/.local/lib/python3.13/site-packages/tensorflow/python/ops/weak_tensor_ops.py:140(wrapper)
     8473/290    0.032    0.000    0.181    0.001 /usr/lib/python3.13/ast.py:492(generic_visit)

  ▸ 3. MCMC produccion (4c×1500 steps)
    ───────────────────────────────────────────────────────
       List reduced from 4447 to 15 due to restriction <15>
            5    0.000    0.000  368.683   73.737 /home/javilazaro/.local/lib/python3.13/site-packages/tensorflow/python/eager/polymorphic_function/atomic_function.py:214(call_preflattened)
          107    0.000    0.000  368.679    3.446 /home/javilazaro/.local/lib/python3.13/site-packages/tensorflow/python/eager/execute.py:28(quick_execute)
          107  368.679    3.446  368.679    3.446 {built-in method tensorflow.python._pywrap_tfe.TFE_Py_Execute}
            5    0.000    0.000  368.675   73.735 /home/javilazaro/.local/lib/python3.13/site-packages/tensorflow/python/eager/context.py:1680(call_function)
        55287    0.299    0.000   27.151    0.000 /home/javilazaro/.local/lib/python3.13/site-packages/tensorflow/python/framework/constant_op.py:280(_constant_impl)
        55064    0.196    0.000   23.649    0.000 /home/javilazaro/.local/lib/python3.13/site-packages/tensorflow/python/framework/ops.py:277(_create_graph_constant)
    20438837/20391667    5.631    0.000   23.644    0.000 {built-in method builtins.isinstance}
    36369/16101    0.700    0.000   22.412    0.001 /home/javilazaro/.local/lib/python3.13/site-packages/tensorflow_probability/python/internal/auto_composite_tensor.py:265(from_instance)
    28791/18567    0.030    0.000   21.906    0.001 /home/javilazaro/.local/lib/python3.13/site-packages/tensorflow_probability/python/internal/auto_composite_tensor.py:717(_type_spec)

  ▸ 4. Analyzer (incremental_outcome)
    ───────────────────────────────────────────────────────
       List reduced from 1931 to 15 due to restriction <15>
           32    0.000    0.000    7.144    0.223 /home/javilazaro/.local/lib/python3.13/site-packages/tensorflow/python/autograph/impl/api.py:260(_convert_actual)
           32    0.020    0.001    7.144    0.223 /home/javilazaro/.local/lib/python3.13/site-packages/tensorflow/python/autograph/pyct/transpiler.py:266(transform)
           32    0.015    0.000    7.124    0.223 /home/javilazaro/.local/lib/python3.13/site-packages/tensorflow/python/autograph/pyct/transpiler.py:432(transform_function)
        55/17    0.002    0.000    6.801    0.400 /home/javilazaro/.local/lib/python3.13/site-packages/tensorflow/python/util/tf_stack.py:45(__enter__)
    246154/848    0.264    0.000    6.023    0.007 /usr/lib/python3.13/ast.py:418(visit)
           20    0.001    0.000    5.302    0.265 /home/javilazaro/.local/lib/python3.13/site-packages/tensorflow/python/autograph/pyct/transpiler.py:324(transform_function)
           20    0.011    0.001    5.029    0.251 /home/javilazaro/.local/lib/python3.13/site-packages/tensorflow/python/autograph/impl/api.py:235(transform_ast)
    165392/3242    0.688    0.000    4.730    0.001 /usr/lib/python3.13/ast.py:492(generic_visit)
    99380/440    0.538    0.000    4.565    0.010 /home/javilazaro/.local/lib/python3.13/site-packages/tensorflow/python/autograph/pyct/transformer.py:417(visit)

=================================================================
  HOTSPOTS DE MEMORIA
=================================================================

  ▸ 1. InputData (xarray)
       +0.08 MB  /home/javilazaro/.local/lib/python3.13/site-packages/xarray/core/utils.py:395
       +0.07 MB  /home/javilazaro/Documents/meridian/meridian/data/test_utils.py:700
       +0.06 MB  /home/javilazaro/Documents/meridian/meridian/data/test_utils.py:829

  ▸ 2. Meridian (instanciacion)
       +1.88 MB  <frozen abc>:123
       +0.06 MB  /usr/lib/python3.13/ast.py:420
       +0.05 MB  /home/javilazaro/.local/lib/python3.13/site-packages/tensorflow/python/framework/constant_op.py:108

  ▸ 3. MCMC produccion (4c×1500 steps)
      +55.02 MB  /home/javilazaro/.local/lib/python3.13/site-packages/tensorflow/python/framework/ops.py:266
      +54.11 MB  /home/javilazaro/.local/lib/python3.13/site-packages/tensorflow/python/framework/ops.py:3480
      +40.44 MB  /home/javilazaro/.local/lib/python3.13/site-packages/tensorflow/python/framework/ops.py:3471
      +18.80 MB  /home/javilazaro/.local/lib/python3.13/site-packages/tensorflow/python/framework/ops.py:1272
      +17.93 MB  /home/javilazaro/.local/lib/python3.13/site-packages/tensorflow/python/framework/ops.py:1222

  ▸ 4. Analyzer (incremental_outcome)
       +0.61 MB  /usr/lib/python3.13/linecache.py:172
       +0.61 MB  <frozen abc>:123
       +0.24 MB  <frozen importlib._bootstrap>:488
       +0.10 MB  <string>:1
       +0.08 MB  /usr/lib/python3.13/ast.py:420
