WARNING: All log messages before absl::InitializeLog() is called are written to STDERR
E0000 00:00:1781822706.459545  343189 cuda_executor.cc:1309] INTERNAL: CUDA Runtime error: Failed call to cudaGetRuntimeVersion: Error loading CUDA libraries. GPU will not be used.: Error loading CUDA libraries. GPU will not be used.
W0000 00:00:1781822706.466501  343189 gpu_device.cc:2342] Cannot dlopen some GPU libraries. Please make sure the missing libraries mentioned above are installed properly if you would like to use GPU. Follow the guide at https://www.tensorflow.org/install/gpu for how to download and setup the required libraries for your platform.
Skipping registering GPU devices...
I0000 00:00:1781822706.803708  343189 device_compiler.h:196] Compiled cluster using XLA!  This line is logged at most once for the lifetime of the process.

=================================================================
  MERIDIAN PROFILING — PIPELINE COMPLETO
  Perfil: GRANDE | Backend: TF
  Geos: 50 | Media ch: 15 | RF ch: 6 | Tiempo: 208 semanas
  Datos estimados: ~2.2 MB (arrays float32)
=================================================================

  [warmup] Cargando módulos...
  [warmup] Listo en 2.2s


▶  Midiendo: 1. InputData (xarray)
   ───────────────────────────────────────────────────────
   ⏱  Tiempo:        0.573s
   🧠 Memoria delta: 4.90 MB

=================================================================
  DIMENSIONES DEL DATASET
=================================================================
  kpi shape     = (50, 208)
  media shape   = (50, 211, 15)
  reach shape   = (50, 211, 6)
  controls      = (50, 208, 6)
  Datos (float32): ~2.20 MB
=================================================================


▶  Midiendo: 2. Meridian (instanciacion)
   ───────────────────────────────────────────────────────
   ⏱  Tiempo:        0.666s
   🧠 Memoria delta: 3.95 MB

▶  Midiendo: 3. Sample prior (10 draws)
   ───────────────────────────────────────────────────────
   ⏱  Tiempo:        0.680s
   🧠 Memoria delta: 0.98 MB

▶  Midiendo: 4. Analyzer (incremental_outcome)
   ───────────────────────────────────────────────────────
   ⏱  Tiempo:        7.216s
   🧠 Memoria delta: 3.78 MB

▶  Midiendo: 5. BudgetOptimizer (optimize)
   ───────────────────────────────────────────────────────
   ⏱  Tiempo:        3.705s
   🧠 Memoria delta: 1.02 MB

=================================================================
  RESUMEN — GRANDE | TF
=================================================================
  Fase                                     Tiempo (s)  Mem Δ (MB)
  ────────────────────────────────────────────────────────────
  1. InputData (xarray)                        0.573        4.90
  2. Meridian (instanciacion)                  0.666        3.95
  3. Sample prior (10 draws)                   0.680        0.98
  4. Analyzer (incremental_outcome)            7.216        3.78
  5. BudgetOptimizer (optimize)                3.705        1.02
  ────────────────────────────────────────────────────────────
  TOTAL                                       12.841       14.63
=================================================================


=================================================================
  HOTSPOTS DE CPU
=================================================================

  ▸ 1. InputData (xarray)
    ───────────────────────────────────────────────────────
       List reduced from 811 to 15 due to restriction <15>
            1    0.000    0.000    0.573    0.573 /home/javilazaro/Documents/meridian-profiling/meridian_synthetic_data.py:95(construir_input_data)
            1    0.000    0.000    0.573    0.573 /home/javilazaro/Documents/meridian/meridian/meridian/data/test_utils.py:1790(sample_input_data_revenue)
            1    0.000    0.000    0.526    0.526 <string>:2(__init__)
            1    0.000    0.000    0.526    0.526 /home/javilazaro/Documents/meridian/meridian/meridian/data/input_data.py:291(__post_init__)
            1    0.000    0.000    0.495    0.495 /home/javilazaro/Documents/meridian/meridian/meridian/data/input_data.py:783(_validate_time_formats)
            8    0.004    0.000    0.495    0.062 /home/javilazaro/Documents/meridian/meridian/meridian/data/validator.py:22(validate_time_coord_format)
         1688    0.002    0.000    0.307    0.000 /home/javilazaro/.local/lib/python3.13/site-packages/xarray/core/dataarray.py:888(__getitem__)
         1683    0.000    0.000    0.306    0.000 /home/javilazaro/.local/lib/python3.13/site-packages/xarray/core/common.py:208(_iter)
         1677    0.016    0.000    0.281    0.000 /home/javilazaro/.local/lib/python3.13/site-packages/xarray/core/dataarray.py:1509(isel)

  ▸ 2. Meridian (instanciacion)
    ───────────────────────────────────────────────────────
       List reduced from 2363 to 15 due to restriction <15>
            8    0.000    0.000    0.593    0.074 /home/javilazaro/.local/lib/python3.13/site-packages/tensorflow/python/util/tf_stack.py:45(__enter__)
            4    0.000    0.000    0.296    0.074 /home/javilazaro/.local/lib/python3.13/site-packages/tensorflow/python/autograph/impl/api.py:260(_convert_actual)
            4    0.000    0.000    0.296    0.074 /home/javilazaro/.local/lib/python3.13/site-packages/tensorflow/python/autograph/pyct/transpiler.py:266(transform)
            4    0.000    0.000    0.295    0.074 /home/javilazaro/.local/lib/python3.13/site-packages/tensorflow/python/autograph/pyct/transpiler.py:432(transform_function)
    12248/124    0.012    0.000    0.240    0.002 /usr/lib/python3.13/ast.py:418(visit)
            3    0.000    0.000    0.216    0.072 /home/javilazaro/.local/lib/python3.13/site-packages/tensorflow/python/autograph/pyct/transpiler.py:324(transform_function)
            3    0.000    0.000    0.198    0.066 /home/javilazaro/.local/lib/python3.13/site-packages/tensorflow/python/autograph/impl/api.py:235(transform_ast)
     8473/290    0.032    0.000    0.180    0.001 /usr/lib/python3.13/ast.py:492(generic_visit)
      5312/66    0.026    0.000    0.173    0.003 /home/javilazaro/.local/lib/python3.13/site-packages/tensorflow/python/autograph/pyct/transformer.py:417(visit)

  ▸ 3. Sample prior (10 draws)
    ───────────────────────────────────────────────────────
       List reduced from 1164 to 15 due to restriction <15>
          507    0.005    0.000    0.126    0.000 /home/javilazaro/.local/lib/python3.13/site-packages/tensorflow_probability/python/internal/prefer_static.py:60(wrap)
            1    0.000    0.000    0.103    0.103 /home/javilazaro/.local/lib/python3.13/site-packages/arviz/data/converters.py:19(convert_to_inference_data)
            1    0.000    0.000    0.103    0.103 /home/javilazaro/.local/lib/python3.13/site-packages/arviz/data/base.py:302(pytree_to_dataset)
    79172/78105    0.020    0.000    0.099    0.000 {built-in method builtins.isinstance}
           21    0.001    0.000    0.086    0.004 /home/javilazaro/.local/lib/python3.13/site-packages/arviz/data/base.py:213(numpy_to_data_array)
         4827    0.014    0.000    0.077    0.000 /usr/lib/python3.13/typing.py:2104(__instancecheck__)
         2595    0.005    0.000    0.070    0.000 /home/javilazaro/.local/lib/python3.13/site-packages/tensorflow/python/util/nest_util.py:866(_tf_core_pack_sequence_as)
          730    0.065    0.000    0.065    0.000 {built-in method tensorflow.python._pywrap_tfe.TFE_Py_FastPathExecute}
          507    0.000    0.000    0.063    0.000 /home/javilazaro/.local/lib/python3.13/site-packages/tensorflow/python/util/nest.py:423(pack_sequence_as)

  ▸ 4. Analyzer (incremental_outcome)
    ───────────────────────────────────────────────────────
       List reduced from 1934 to 15 due to restriction <15>
           32    0.000    0.000    6.892    0.215 /home/javilazaro/.local/lib/python3.13/site-packages/tensorflow/python/autograph/impl/api.py:260(_convert_actual)
           32    0.009    0.000    6.892    0.215 /home/javilazaro/.local/lib/python3.13/site-packages/tensorflow/python/autograph/pyct/transpiler.py:266(transform)
           32    0.006    0.000    6.884    0.215 /home/javilazaro/.local/lib/python3.13/site-packages/tensorflow/python/autograph/pyct/transpiler.py:432(transform_function)
        55/17    0.002    0.000    6.614    0.389 /home/javilazaro/.local/lib/python3.13/site-packages/tensorflow/python/util/tf_stack.py:45(__enter__)
    246154/848    0.247    0.000    5.862    0.007 /usr/lib/python3.13/ast.py:418(visit)
           20    0.000    0.000    5.051    0.253 /home/javilazaro/.local/lib/python3.13/site-packages/tensorflow/python/autograph/pyct/transpiler.py:324(transform_function)
           20    0.005    0.000    4.803    0.240 /home/javilazaro/.local/lib/python3.13/site-packages/tensorflow/python/autograph/impl/api.py:235(transform_ast)
    165392/3242    0.657    0.000    4.551    0.001 /usr/lib/python3.13/ast.py:492(generic_visit)
    99380/440    0.523    0.000    4.357    0.010 /home/javilazaro/.local/lib/python3.13/site-packages/tensorflow/python/autograph/pyct/transformer.py:417(visit)

  ▸ 5. BudgetOptimizer (optimize)
    ───────────────────────────────────────────────────────
       List reduced from 1944 to 15 due to restriction <15>
      407/385    0.013    0.000    1.935    0.005 /home/javilazaro/.local/lib/python3.13/site-packages/tensorflow/python/eager/polymorphic_function/polymorphic_function.py:805(__call__)
      407/385    0.003    0.000    1.907    0.005 /home/javilazaro/.local/lib/python3.13/site-packages/tensorflow/python/eager/polymorphic_function/polymorphic_function.py:852(_call)
      407/385    0.003    0.000    1.869    0.005 /home/javilazaro/.local/lib/python3.13/site-packages/tensorflow/python/eager/polymorphic_function/tracing_compilation.py:125(call_function)
          408    0.001    0.000    1.747    0.004 /home/javilazaro/.local/lib/python3.13/site-packages/tensorflow/python/eager/polymorphic_function/atomic_function.py:214(call_preflattened)
          408    0.004    0.000    1.720    0.004 /home/javilazaro/.local/lib/python3.13/site-packages/tensorflow/python/eager/context.py:1680(call_function)
          414    0.001    0.000    1.714    0.004 /home/javilazaro/.local/lib/python3.13/site-packages/tensorflow/python/eager/execute.py:28(quick_execute)
          414    1.713    0.004    1.713    0.004 {built-in method tensorflow.python._pywrap_tfe.TFE_Py_Execute}
      408/385    0.004    0.000    1.519    0.004 /home/javilazaro/.local/lib/python3.13/site-packages/tensorflow/python/eager/polymorphic_function/concrete_function.py:1267(_call_flat)
      409/385    0.015    0.000    1.510    0.004 /home/javilazaro/.local/lib/python3.13/site-packages/tensorflow/python/eager/polymorphic_function/atomic_function.py:219(call_flat)

=================================================================
  HOTSPOTS DE MEMORIA
=================================================================

  ▸ 1. InputData (xarray)
       +1.21 MB  /home/javilazaro/Documents/meridian/meridian/meridian/data/test_utils.py:700
       +1.19 MB  /home/javilazaro/Documents/meridian/meridian/meridian/data/test_utils.py:829
       +0.48 MB  /home/javilazaro/.local/lib/python3.13/site-packages/numpy/_core/fromnumeric.py:54
       +0.48 MB  /home/javilazaro/Documents/meridian/meridian/meridian/data/test_utils.py:1142
       +0.48 MB  /home/javilazaro/Documents/meridian/meridian/meridian/data/test_utils.py:1246

  ▸ 2. Meridian (instanciacion)
       +1.88 MB  <frozen abc>:123
       +0.86 MB  /home/javilazaro/.local/lib/python3.13/site-packages/tensorflow/python/framework/constant_op.py:108
       +0.06 MB  /usr/lib/python3.13/ast.py:420

  ▸ 3. Sample prior (10 draws)
       +0.22 MB  <frozen abc>:123
       +0.17 MB  /home/javilazaro/Documents/meridian/meridian/meridian/model/knots.py:112

  ▸ 4. Analyzer (incremental_outcome)
       +0.83 MB  /home/javilazaro/.local/lib/python3.13/site-packages/tensorflow/python/framework/constant_op.py:108
       +0.61 MB  /usr/lib/python3.13/linecache.py:172
       +0.32 MB  <frozen abc>:123
       +0.27 MB  <frozen importlib._bootstrap>:488
       +0.22 MB  /home/javilazaro/.local/lib/python3.13/site-packages/tensorflow/python/autograph/pyct/anno.py:141

  ▸ 5. BudgetOptimizer (optimize)
       +0.12 MB  /usr/lib/python3.13/dataclasses.py:1323
