WARNING:2026-06-19 00:45:21,791:jax._src.xla_bridge:864: An NVIDIA GPU may be present on this machine, but a CUDA-enabled jaxlib is not installed. Falling back to cpu.

=================================================================
  MERIDIAN PROFILING — PIPELINE COMPLETO
  Perfil: PEQUENO | Backend: JAX
  Geos: 2 | Media ch: 3 | RF ch: 2 | Tiempo: 52 semanas
  Datos estimados: ~0.0 MB (arrays float32)
=================================================================

  [warmup] Cargando módulos...
  [warmup] Listo en 2.1s


▶  Midiendo: 1. InputData (xarray)
   ───────────────────────────────────────────────────────
   ⏱  Tiempo:        0.187s
   🧠 Memoria delta: 0.35 MB

=================================================================
  DIMENSIONES DEL DATASET
=================================================================
  kpi shape     = (2, 52)
  media shape   = (2, 55, 3)
  reach shape   = (2, 55, 2)
  controls      = (2, 52, 2)
  Datos (float32): ~0.01 MB
=================================================================


▶  Midiendo: 2. Meridian (instanciacion)
   ───────────────────────────────────────────────────────
   ⏱  Tiempo:        2.145s
   🧠 Memoria delta: 6.86 MB

▶  Midiendo: 3. Sample prior (10 draws)
   ───────────────────────────────────────────────────────
   ⏱  Tiempo:        4.068s
   🧠 Memoria delta: 6.29 MB

▶  Midiendo: 4. Analyzer (incremental_outcome)
   ───────────────────────────────────────────────────────
   ⏱  Tiempo:        0.249s
   🧠 Memoria delta: 0.76 MB

▶  Midiendo: 5. BudgetOptimizer (optimize)
   ───────────────────────────────────────────────────────
   ⏱  Tiempo:        1.580s
   🧠 Memoria delta: 1.89 MB

=================================================================
  RESUMEN — PEQUENO | JAX
=================================================================
  Fase                                     Tiempo (s)  Mem Δ (MB)
  ────────────────────────────────────────────────────────────
  1. InputData (xarray)                        0.187        0.35
  2. Meridian (instanciacion)                  2.145        6.86
  3. Sample prior (10 draws)                   4.068        6.29
  4. Analyzer (incremental_outcome)            0.249        0.76
  5. BudgetOptimizer (optimize)                1.580        1.89
  ────────────────────────────────────────────────────────────
  TOTAL                                        8.229       16.16
=================================================================


=================================================================
  HOTSPOTS DE CPU
=================================================================

  ▸ 1. InputData (xarray)
    ───────────────────────────────────────────────────────
       List reduced from 811 to 15 due to restriction <15>
            1    0.000    0.000    0.187    0.187 /home/javilazaro/Documents/meridian-profiling/meridian_synthetic_data.py:95(construir_input_data)
            1    0.000    0.000    0.187    0.187 /home/javilazaro/Documents/meridian/meridian/meridian/data/test_utils.py:1790(sample_input_data_revenue)
            1    0.000    0.000    0.158    0.158 <string>:2(__init__)
            1    0.000    0.000    0.158    0.158 /home/javilazaro/Documents/meridian/meridian/meridian/data/input_data.py:291(__post_init__)
            1    0.000    0.000    0.128    0.128 /home/javilazaro/Documents/meridian/meridian/meridian/data/input_data.py:783(_validate_time_formats)
            8    0.001    0.000    0.128    0.016 /home/javilazaro/Documents/meridian/meridian/meridian/data/validator.py:22(validate_time_coord_format)
          440    0.000    0.000    0.081    0.000 /home/javilazaro/.local/lib/python3.13/site-packages/xarray/core/dataarray.py:888(__getitem__)
          435    0.000    0.000    0.080    0.000 /home/javilazaro/.local/lib/python3.13/site-packages/xarray/core/common.py:208(_iter)
          429    0.004    0.000    0.073    0.000 /home/javilazaro/.local/lib/python3.13/site-packages/xarray/core/dataarray.py:1509(isel)

  ▸ 2. Meridian (instanciacion)
    ───────────────────────────────────────────────────────
       List reduced from 2877 to 15 due to restriction <15>
            1    0.000    0.000    2.145    2.145 /home/javilazaro/Documents/meridian-profiling/meridian_synthetic_data.py:104(instanciar_modelo)
       229/99    0.000    0.000    1.912    0.019 /home/javilazaro/.local/lib/python3.13/site-packages/jax/_src/traceback_util.py:176(reraise_with_filtered_traceback)
       229/99    0.001    0.000    1.912    0.019 /home/javilazaro/.local/lib/python3.13/site-packages/jax/_src/pjit.py:259(cache_miss)
       229/99    0.002    0.000    1.907    0.019 /home/javilazaro/.local/lib/python3.13/site-packages/jax/_src/pjit.py:136(_python_pjit_helper)
      725/483    0.004    0.000    1.752    0.004 /home/javilazaro/.local/lib/python3.13/site-packages/jax/_src/profiler.py:361(wrapper)
            1    0.000    0.000    1.682    1.682 /home/javilazaro/Documents/meridian/meridian/meridian/model/model.py:196(__init__)
           99    0.002    0.000    1.571    0.016 /home/javilazaro/.local/lib/python3.13/site-packages/jax/_src/pjit.py:1721(_pjit_call_impl_python)
            1    0.000    0.000    1.410    1.410 /home/javilazaro/Documents/meridian/meridian/meridian/model/context.py:69(__init__)
            1    0.000    0.000    1.052    1.052 /home/javilazaro/Documents/meridian/meridian/meridian/model/context.py:211(_validate_geo_invariants)

  ▸ 3. Sample prior (10 draws)
    ───────────────────────────────────────────────────────
       List reduced from 2458 to 15 due to restriction <15>
            1    0.000    0.000    4.068    4.068 /home/javilazaro/Documents/meridian-profiling/meridian_synthetic_data.py:109(ejecutar_sample_prior)
            1    0.000    0.000    4.068    4.068 /home/javilazaro/Documents/meridian/meridian/meridian/model/model.py:1017(sample_prior)
            1    0.000    0.000    3.963    3.963 /home/javilazaro/Documents/meridian/meridian/meridian/model/prior_sampler.py:589(__call__)
      453/149    0.001    0.000    3.404    0.023 /home/javilazaro/.local/lib/python3.13/site-packages/jax/_src/traceback_util.py:176(reraise_with_filtered_traceback)
      423/149    0.003    0.000    3.404    0.023 /home/javilazaro/.local/lib/python3.13/site-packages/jax/_src/pjit.py:259(cache_miss)
      423/149    0.005    0.000    3.396    0.023 /home/javilazaro/.local/lib/python3.13/site-packages/jax/_src/pjit.py:136(_python_pjit_helper)
      960/655    0.005    0.000    3.135    0.005 /home/javilazaro/.local/lib/python3.13/site-packages/jax/_src/profiler.py:361(wrapper)
          149    0.003    0.000    3.118    0.021 /home/javilazaro/.local/lib/python3.13/site-packages/jax/_src/pjit.py:1721(_pjit_call_impl_python)
        48/25    0.000    0.000    2.472    0.099 /home/javilazaro/.local/lib/python3.13/site-packages/tensorflow_probability/substrates/jax/distributions/distribution.py:1189(sample)

  ▸ 4. Analyzer (incremental_outcome)
    ───────────────────────────────────────────────────────
       List reduced from 1368 to 15 due to restriction <15>
            1    0.000    0.000    0.249    0.249 /home/javilazaro/Documents/meridian-profiling/meridian_synthetic_data.py:112(ejecutar_analyzer)
         34/4    0.000    0.000    0.239    0.060 /home/javilazaro/.local/lib/python3.13/site-packages/jax/_src/traceback_util.py:176(reraise_with_filtered_traceback)
         34/4    0.000    0.000    0.239    0.060 /home/javilazaro/.local/lib/python3.13/site-packages/jax/_src/pjit.py:259(cache_miss)
         34/4    0.000    0.000    0.238    0.060 /home/javilazaro/.local/lib/python3.13/site-packages/jax/_src/pjit.py:136(_python_pjit_helper)
            1    0.000    0.000    0.236    0.236 /home/javilazaro/Documents/meridian/meridian/meridian/analysis/analyzer.py:1311(incremental_outcome)
        41/24    0.000    0.000    0.229    0.010 /home/javilazaro/.local/lib/python3.13/site-packages/jax/_src/profiler.py:361(wrapper)
            4    0.000    0.000    0.172    0.043 /home/javilazaro/.local/lib/python3.13/site-packages/jax/_src/pjit.py:1721(_pjit_call_impl_python)
            4    0.000    0.000    0.094    0.024 /home/javilazaro/.local/lib/python3.13/site-packages/jax/_src/interpreters/pxla.py:2512(compile)
            4    0.000    0.000    0.094    0.024 /home/javilazaro/.local/lib/python3.13/site-packages/jax/_src/interpreters/pxla.py:3027(from_hlo)

  ▸ 5. BudgetOptimizer (optimize)
    ───────────────────────────────────────────────────────
       List reduced from 2018 to 15 due to restriction <15>
            1    0.000    0.000    1.579    1.579 /home/javilazaro/Documents/meridian-profiling/meridian_synthetic_data.py:118(ejecutar_budget_optimizer)
            1    0.000    0.000    1.579    1.579 /home/javilazaro/Documents/meridian/meridian/meridian/analysis/optimizer.py:1436(optimize)
            1    0.000    0.000    0.847    0.847 /home/javilazaro/Documents/meridian/meridian/meridian/analysis/optimizer.py:2079(create_optimization_grid)
           85    0.012    0.000    0.812    0.010 /home/javilazaro/Documents/meridian/meridian/meridian/analysis/analyzer.py:1311(incremental_outcome)
            1    0.001    0.001    0.783    0.783 /home/javilazaro/Documents/meridian/meridian/meridian/analysis/optimizer.py:2691(_create_grids)
        72/35    0.000    0.000    0.733    0.021 /home/javilazaro/.local/lib/python3.13/site-packages/jax/_src/traceback_util.py:176(reraise_with_filtered_traceback)
        72/35    0.000    0.000    0.733    0.021 /home/javilazaro/.local/lib/python3.13/site-packages/jax/_src/pjit.py:259(cache_miss)
           79    0.004    0.000    0.732    0.009 /home/javilazaro/Documents/meridian/meridian/meridian/analysis/optimizer.py:2590(_update_incremental_outcome_grid)
        72/35    0.001    0.000    0.731    0.021 /home/javilazaro/.local/lib/python3.13/site-packages/jax/_src/pjit.py:136(_python_pjit_helper)

=================================================================
  HOTSPOTS DE MEMORIA
=================================================================

  ▸ 2. Meridian (instanciacion)
       +0.62 MB  <frozen importlib._bootstrap_external>:784
       +0.53 MB  /home/javilazaro/.local/lib/python3.13/site-packages/jax/_src/config.py:228
       +0.41 MB  /home/javilazaro/.local/lib/python3.13/site-packages/jax/_src/source_info_util.py:213
       +0.39 MB  <frozen abc>:123
       +0.14 MB  /home/javilazaro/.local/lib/python3.13/site-packages/jax/_src/interpreters/pxla.py:2956

  ▸ 3. Sample prior (10 draws)
       +0.72 MB  /home/javilazaro/.local/lib/python3.13/site-packages/jax/_src/config.py:228
       +0.26 MB  /home/javilazaro/.local/lib/python3.13/site-packages/jax/_src/source_info_util.py:213
       +0.23 MB  /home/javilazaro/.local/lib/python3.13/site-packages/jax/_src/interpreters/pxla.py:2956
       +0.14 MB  <frozen abc>:123
       +0.14 MB  /home/javilazaro/.local/lib/python3.13/site-packages/jax/_src/interpreters/pxla.py:2437

  ▸ 4. Analyzer (incremental_outcome)
       +0.06 MB  /home/javilazaro/.local/lib/python3.13/site-packages/jax/_src/source_info_util.py:213

  ▸ 5. BudgetOptimizer (optimize)
       +0.15 MB  /home/javilazaro/.local/lib/python3.13/site-packages/jax/_src/config.py:228
       +0.13 MB  /usr/lib/python3.13/dataclasses.py:1323
       +0.09 MB  /home/javilazaro/.local/lib/python3.13/site-packages/jax/_src/source_info_util.py:213
       +0.06 MB  /home/javilazaro/.local/lib/python3.13/site-packages/jax/_src/interpreters/pxla.py:2956
