WARNING: All log messages before absl::InitializeLog() is called are written to STDERR
E0000 00:00:1781822687.200484  342570 cuda_executor.cc:1309] INTERNAL: CUDA Runtime error: Failed call to cudaGetRuntimeVersion: Error loading CUDA libraries. GPU will not be used.: Error loading CUDA libraries. GPU will not be used.
W0000 00:00:1781822687.206239  342570 gpu_device.cc:2342] Cannot dlopen some GPU libraries. Please make sure the missing libraries mentioned above are installed properly if you would like to use GPU. Follow the guide at https://www.tensorflow.org/install/gpu for how to download and setup the required libraries for your platform.
Skipping registering GPU devices...
I0000 00:00:1781822687.551008  342570 device_compiler.h:196] Compiled cluster using XLA!  This line is logged at most once for the lifetime of the process.

=================================================================
  MERIDIAN PROFILING — PIPELINE COMPLETO
  Perfil: PEQUENO | Backend: TF
  Geos: 2 | Media ch: 3 | RF ch: 2 | Tiempo: 52 semanas
  Datos estimados: ~0.0 MB (arrays float32)
=================================================================

  [warmup] Cargando módulos...
  [warmup] Listo en 2.3s


▶  Midiendo: 1. InputData (xarray)
   ───────────────────────────────────────────────────────
   ⏱  Tiempo:        0.186s
   🧠 Memoria delta: 0.35 MB

=================================================================
  DIMENSIONES DEL DATASET
=================================================================
  kpi shape     = (2, 52)
  media shape   = (2, 55, 3)
  reach shape   = (2, 55, 2)
  controls      = (2, 52, 2)
  Datos (float32): ~0.01 MB
=================================================================


▶  Midiendo: 2. Meridian (instanciacion)
   ───────────────────────────────────────────────────────
   ⏱  Tiempo:        0.655s
   🧠 Memoria delta: 3.12 MB

▶  Midiendo: 3. Sample prior (10 draws)
   ───────────────────────────────────────────────────────
   ⏱  Tiempo:        0.689s
   🧠 Memoria delta: 0.81 MB

▶  Midiendo: 4. Analyzer (incremental_outcome)
   ───────────────────────────────────────────────────────
   ⏱  Tiempo:        7.280s
   🧠 Memoria delta: 2.93 MB

▶  Midiendo: 5. BudgetOptimizer (optimize)
   ───────────────────────────────────────────────────────
   ⏱  Tiempo:        1.748s
   🧠 Memoria delta: 1.02 MB

=================================================================
  RESUMEN — PEQUENO | TF
=================================================================
  Fase                                     Tiempo (s)  Mem Δ (MB)
  ────────────────────────────────────────────────────────────
  1. InputData (xarray)                        0.186        0.35
  2. Meridian (instanciacion)                  0.655        3.12
  3. Sample prior (10 draws)                   0.689        0.81
  4. Analyzer (incremental_outcome)            7.280        2.93
  5. BudgetOptimizer (optimize)                1.748        1.02
  ────────────────────────────────────────────────────────────
  TOTAL                                       10.558        8.23
=================================================================


=================================================================
  HOTSPOTS DE CPU
=================================================================

  ▸ 1. InputData (xarray)
    ───────────────────────────────────────────────────────
       List reduced from 811 to 15 due to restriction <15>
            1    0.000    0.000    0.186    0.186 /home/javilazaro/Documents/meridian-profiling/meridian_synthetic_data.py:95(construir_input_data)
            1    0.000    0.000    0.186    0.186 /home/javilazaro/Documents/meridian/meridian/meridian/data/test_utils.py:1790(sample_input_data_revenue)
            1    0.000    0.000    0.158    0.158 <string>:2(__init__)
            1    0.000    0.000    0.158    0.158 /home/javilazaro/Documents/meridian/meridian/meridian/data/input_data.py:291(__post_init__)
            1    0.000    0.000    0.128    0.128 /home/javilazaro/Documents/meridian/meridian/meridian/data/input_data.py:783(_validate_time_formats)
            8    0.001    0.000    0.128    0.016 /home/javilazaro/Documents/meridian/meridian/meridian/data/validator.py:22(validate_time_coord_format)
          440    0.000    0.000    0.080    0.000 /home/javilazaro/.local/lib/python3.13/site-packages/xarray/core/dataarray.py:888(__getitem__)
          435    0.000    0.000    0.079    0.000 /home/javilazaro/.local/lib/python3.13/site-packages/xarray/core/common.py:208(_iter)
          429    0.004    0.000    0.073    0.000 /home/javilazaro/.local/lib/python3.13/site-packages/xarray/core/dataarray.py:1509(isel)

  ▸ 2. Meridian (instanciacion)
    ───────────────────────────────────────────────────────
       List reduced from 2390 to 15 due to restriction <15>
            8    0.000    0.000    0.607    0.076 /home/javilazaro/.local/lib/python3.13/site-packages/tensorflow/python/util/tf_stack.py:45(__enter__)
            4    0.000    0.000    0.302    0.076 /home/javilazaro/.local/lib/python3.13/site-packages/tensorflow/python/autograph/impl/api.py:260(_convert_actual)
            4    0.000    0.000    0.302    0.076 /home/javilazaro/.local/lib/python3.13/site-packages/tensorflow/python/autograph/pyct/transpiler.py:266(transform)
            4    0.000    0.000    0.302    0.075 /home/javilazaro/.local/lib/python3.13/site-packages/tensorflow/python/autograph/pyct/transpiler.py:432(transform_function)
    12248/124    0.013    0.000    0.246    0.002 /usr/lib/python3.13/ast.py:418(visit)
            3    0.000    0.000    0.221    0.074 /home/javilazaro/.local/lib/python3.13/site-packages/tensorflow/python/autograph/pyct/transpiler.py:324(transform_function)
            3    0.000    0.000    0.202    0.067 /home/javilazaro/.local/lib/python3.13/site-packages/tensorflow/python/autograph/impl/api.py:235(transform_ast)
     8473/290    0.032    0.000    0.184    0.001 /usr/lib/python3.13/ast.py:492(generic_visit)
      635/491    0.001    0.000    0.179    0.000 /home/javilazaro/.local/lib/python3.13/site-packages/tensorflow/python/ops/weak_tensor_ops.py:140(wrapper)

  ▸ 3. Sample prior (10 draws)
    ───────────────────────────────────────────────────────
       List reduced from 1164 to 15 due to restriction <15>
          507    0.005    0.000    0.131    0.000 /home/javilazaro/.local/lib/python3.13/site-packages/tensorflow_probability/python/internal/prefer_static.py:60(wrap)
            1    0.000    0.000    0.105    0.105 /home/javilazaro/.local/lib/python3.13/site-packages/arviz/data/converters.py:19(convert_to_inference_data)
            1    0.000    0.000    0.104    0.104 /home/javilazaro/.local/lib/python3.13/site-packages/arviz/data/base.py:302(pytree_to_dataset)
    79172/78105    0.021    0.000    0.102    0.000 {built-in method builtins.isinstance}
           21    0.001    0.000    0.088    0.004 /home/javilazaro/.local/lib/python3.13/site-packages/arviz/data/base.py:213(numpy_to_data_array)
         4827    0.014    0.000    0.080    0.000 /usr/lib/python3.13/typing.py:2104(__instancecheck__)
         2595    0.005    0.000    0.072    0.000 /home/javilazaro/.local/lib/python3.13/site-packages/tensorflow/python/util/nest_util.py:866(_tf_core_pack_sequence_as)
          507    0.000    0.000    0.066    0.000 /home/javilazaro/.local/lib/python3.13/site-packages/tensorflow/python/util/nest.py:423(pack_sequence_as)
          507    0.000    0.000    0.065    0.000 /home/javilazaro/.local/lib/python3.13/site-packages/tensorflow/python/util/nest_util.py:729(pack_sequence_as)

  ▸ 4. Analyzer (incremental_outcome)
    ───────────────────────────────────────────────────────
       List reduced from 1935 to 15 due to restriction <15>
           32    0.000    0.000    7.026    0.220 /home/javilazaro/.local/lib/python3.13/site-packages/tensorflow/python/autograph/impl/api.py:260(_convert_actual)
           32    0.008    0.000    7.026    0.220 /home/javilazaro/.local/lib/python3.13/site-packages/tensorflow/python/autograph/pyct/transpiler.py:266(transform)
           32    0.006    0.000    7.017    0.219 /home/javilazaro/.local/lib/python3.13/site-packages/tensorflow/python/autograph/pyct/transpiler.py:432(transform_function)
        55/17    0.002    0.000    6.834    0.402 /home/javilazaro/.local/lib/python3.13/site-packages/tensorflow/python/util/tf_stack.py:45(__enter__)
    246154/848    0.250    0.000    5.979    0.007 /usr/lib/python3.13/ast.py:418(visit)
           20    0.001    0.000    5.175    0.259 /home/javilazaro/.local/lib/python3.13/site-packages/tensorflow/python/autograph/pyct/transpiler.py:324(transform_function)
           20    0.006    0.000    4.919    0.246 /home/javilazaro/.local/lib/python3.13/site-packages/tensorflow/python/autograph/impl/api.py:235(transform_ast)
    165392/3242    0.668    0.000    4.627    0.001 /usr/lib/python3.13/ast.py:492(generic_visit)
    99380/440    0.532    0.000    4.461    0.010 /home/javilazaro/.local/lib/python3.13/site-packages/tensorflow/python/autograph/pyct/transformer.py:417(visit)

  ▸ 5. BudgetOptimizer (optimize)
    ───────────────────────────────────────────────────────
       List reduced from 1944 to 15 due to restriction <15>
      427/405    0.010    0.000    0.493    0.001 /home/javilazaro/.local/lib/python3.13/site-packages/tensorflow/python/eager/polymorphic_function/polymorphic_function.py:805(__call__)
      427/405    0.002    0.000    0.472    0.001 /home/javilazaro/.local/lib/python3.13/site-packages/tensorflow/python/eager/polymorphic_function/polymorphic_function.py:852(_call)
      427/405    0.002    0.000    0.440    0.001 /home/javilazaro/.local/lib/python3.13/site-packages/tensorflow/python/eager/polymorphic_function/tracing_compilation.py:125(call_function)
          702    0.001    0.000    0.356    0.001 /home/javilazaro/.local/lib/python3.13/site-packages/tensorflow/python/framework/extension_type.py:221(_tf_extension_type_convert_fields)
          702    0.000    0.000    0.355    0.001 /home/javilazaro/.local/lib/python3.13/site-packages/tensorflow/python/framework/extension_type_field.py:200(convert_fields)
          702    0.007    0.000    0.355    0.001 /home/javilazaro/.local/lib/python3.13/site-packages/tensorflow/python/framework/extension_type_field.py:242(_convert_fields)
    25869/9721    0.059    0.000    0.347    0.000 /home/javilazaro/.local/lib/python3.13/site-packages/tensorflow/python/framework/extension_type_field.py:270(_convert_value)
         9721    0.019    0.000    0.261    0.000 /home/javilazaro/.local/lib/python3.13/site-packages/tensorflow/python/framework/extension_type_field.py:398(_convert_union)
         2604    0.002    0.000    0.255    0.000 /home/javilazaro/.local/lib/python3.13/site-packages/xarray/core/dataarray.py:888(__getitem__)

=================================================================
  HOTSPOTS DE MEMORIA
=================================================================

  ▸ 2. Meridian (instanciacion)
       +1.88 MB  <frozen abc>:123
       +0.06 MB  /usr/lib/python3.13/ast.py:420

  ▸ 3. Sample prior (10 draws)
       +0.22 MB  <frozen abc>:123

  ▸ 4. Analyzer (incremental_outcome)
       +0.61 MB  /usr/lib/python3.13/linecache.py:172
       +0.32 MB  <frozen abc>:123
       +0.27 MB  <frozen importlib._bootstrap>:488
       +0.22 MB  /home/javilazaro/.local/lib/python3.13/site-packages/tensorflow/python/autograph/pyct/anno.py:141
       +0.11 MB  <string>:1

  ▸ 5. BudgetOptimizer (optimize)
       +0.13 MB  /usr/lib/python3.13/dataclasses.py:1323
