WARNING:2026-06-19 00:45:45,631:jax._src.xla_bridge:864: An NVIDIA GPU may be present on this machine, but a CUDA-enabled jaxlib is not installed. Falling back to cpu.

=================================================================
  MERIDIAN PROFILING — PIPELINE COMPLETO
  Perfil: GRANDE | Backend: JAX
  Geos: 50 | Media ch: 15 | RF ch: 6 | Tiempo: 208 semanas
  Datos estimados: ~2.2 MB (arrays float32)
=================================================================

  [warmup] Cargando módulos...
  [warmup] Listo en 2.2s


▶  Midiendo: 1. InputData (xarray)
   ───────────────────────────────────────────────────────
   ⏱  Tiempo:        0.579s
   🧠 Memoria delta: 4.90 MB

=================================================================
  DIMENSIONES DEL DATASET
=================================================================
  kpi shape     = (50, 208)
  media shape   = (50, 211, 15)
  reach shape   = (50, 211, 6)
  controls      = (50, 208, 6)
  Datos (float32): ~2.20 MB
=================================================================


▶  Midiendo: 2. Meridian (instanciacion)
   ───────────────────────────────────────────────────────
   ⏱  Tiempo:        2.372s
   🧠 Memoria delta: 6.89 MB

▶  Midiendo: 3. Sample prior (10 draws)
   ───────────────────────────────────────────────────────
   ⏱  Tiempo:        4.656s
   🧠 Memoria delta: 6.91 MB

▶  Midiendo: 4. Analyzer (incremental_outcome)
   ───────────────────────────────────────────────────────
   ⏱  Tiempo:        0.281s
   🧠 Memoria delta: 0.77 MB

▶  Midiendo: 5. BudgetOptimizer (optimize)
   ───────────────────────────────────────────────────────
   ⏱  Tiempo:        3.391s
   🧠 Memoria delta: 1.87 MB

=================================================================
  RESUMEN — GRANDE | JAX
=================================================================
  Fase                                     Tiempo (s)  Mem Δ (MB)
  ────────────────────────────────────────────────────────────
  1. InputData (xarray)                        0.579        4.90
  2. Meridian (instanciacion)                  2.372        6.89
  3. Sample prior (10 draws)                   4.656        6.91
  4. Analyzer (incremental_outcome)            0.281        0.77
  5. BudgetOptimizer (optimize)                3.391        1.87
  ────────────────────────────────────────────────────────────
  TOTAL                                       11.280       21.33
=================================================================


=================================================================
  HOTSPOTS DE CPU
=================================================================

  ▸ 1. InputData (xarray)
    ───────────────────────────────────────────────────────
       List reduced from 811 to 15 due to restriction <15>
            1    0.000    0.000    0.579    0.579 /home/javilazaro/Documents/meridian-profiling/meridian_synthetic_data.py:95(construir_input_data)
            1    0.000    0.000    0.579    0.579 /home/javilazaro/Documents/meridian/meridian/meridian/data/test_utils.py:1790(sample_input_data_revenue)
            1    0.000    0.000    0.530    0.530 /home/javilazaro/Documents/meridian/meridian/meridian/data/input_data.py:291(__post_init__)
            1    0.000    0.000    0.499    0.499 /home/javilazaro/Documents/meridian/meridian/meridian/data/input_data.py:783(_validate_time_formats)
            8    0.004    0.000    0.499    0.062 /home/javilazaro/Documents/meridian/meridian/meridian/data/validator.py:22(validate_time_coord_format)
         1688    0.002    0.000    0.309    0.000 /home/javilazaro/.local/lib/python3.13/site-packages/xarray/core/dataarray.py:888(__getitem__)
         1683    0.000    0.000    0.309    0.000 /home/javilazaro/.local/lib/python3.13/site-packages/xarray/core/common.py:208(_iter)
         1677    0.016    0.000    0.283    0.000 /home/javilazaro/.local/lib/python3.13/site-packages/xarray/core/dataarray.py:1509(isel)
         3352    0.009    0.000    0.184    0.000 /home/javilazaro/.local/lib/python3.13/site-packages/xarray/core/variable.py:1108(isel)

  ▸ 2. Meridian (instanciacion)
    ───────────────────────────────────────────────────────
       List reduced from 2877 to 15 due to restriction <15>
            1    0.000    0.000    2.372    2.372 /home/javilazaro/Documents/meridian-profiling/meridian_synthetic_data.py:104(instanciar_modelo)
      230/100    0.001    0.000    2.127    0.021 /home/javilazaro/.local/lib/python3.13/site-packages/jax/_src/traceback_util.py:176(reraise_with_filtered_traceback)
      230/100    0.002    0.000    2.127    0.021 /home/javilazaro/.local/lib/python3.13/site-packages/jax/_src/pjit.py:259(cache_miss)
      230/100    0.003    0.000    2.122    0.021 /home/javilazaro/.local/lib/python3.13/site-packages/jax/_src/pjit.py:136(_python_pjit_helper)
      730/487    0.004    0.000    1.960    0.004 /home/javilazaro/.local/lib/python3.13/site-packages/jax/_src/profiler.py:361(wrapper)
            1    0.000    0.000    1.885    1.885 /home/javilazaro/Documents/meridian/meridian/meridian/model/model.py:196(__init__)
          100    0.002    0.000    1.778    0.018 /home/javilazaro/.local/lib/python3.13/site-packages/jax/_src/pjit.py:1721(_pjit_call_impl_python)
            1    0.000    0.000    1.607    1.607 /home/javilazaro/Documents/meridian/meridian/meridian/model/context.py:69(__init__)
            1    0.000    0.000    1.207    1.207 /home/javilazaro/Documents/meridian/meridian/meridian/model/context.py:211(_validate_geo_invariants)

  ▸ 3. Sample prior (10 draws)
    ───────────────────────────────────────────────────────
       List reduced from 2478 to 15 due to restriction <15>
            1    0.000    0.000    4.656    4.656 /home/javilazaro/Documents/meridian-profiling/meridian_synthetic_data.py:109(ejecutar_sample_prior)
            1    0.000    0.000    4.656    4.656 /home/javilazaro/Documents/meridian/meridian/meridian/model/model.py:1017(sample_prior)
            1    0.001    0.001    4.556    4.556 /home/javilazaro/Documents/meridian/meridian/meridian/model/prior_sampler.py:589(__call__)
      499/158    0.001    0.000    3.981    0.025 /home/javilazaro/.local/lib/python3.13/site-packages/jax/_src/traceback_util.py:176(reraise_with_filtered_traceback)
      466/158    0.003    0.000    3.980    0.025 /home/javilazaro/.local/lib/python3.13/site-packages/jax/_src/pjit.py:259(cache_miss)
      466/158    0.005    0.000    3.972    0.025 /home/javilazaro/.local/lib/python3.13/site-packages/jax/_src/pjit.py:136(_python_pjit_helper)
     1023/691    0.006    0.000    3.688    0.005 /home/javilazaro/.local/lib/python3.13/site-packages/jax/_src/profiler.py:361(wrapper)
          158    0.003    0.000    3.561    0.023 /home/javilazaro/.local/lib/python3.13/site-packages/jax/_src/pjit.py:1721(_pjit_call_impl_python)
        48/25    0.000    0.000    2.783    0.111 /home/javilazaro/.local/lib/python3.13/site-packages/tensorflow_probability/substrates/jax/distributions/distribution.py:1189(sample)

  ▸ 4. Analyzer (incremental_outcome)
    ───────────────────────────────────────────────────────
       List reduced from 1368 to 15 due to restriction <15>
            1    0.000    0.000    0.281    0.281 /home/javilazaro/Documents/meridian-profiling/meridian_synthetic_data.py:112(ejecutar_analyzer)
         34/4    0.000    0.000    0.270    0.068 /home/javilazaro/.local/lib/python3.13/site-packages/jax/_src/traceback_util.py:176(reraise_with_filtered_traceback)
         34/4    0.000    0.000    0.270    0.068 /home/javilazaro/.local/lib/python3.13/site-packages/jax/_src/pjit.py:259(cache_miss)
         34/4    0.000    0.000    0.270    0.068 /home/javilazaro/.local/lib/python3.13/site-packages/jax/_src/pjit.py:136(_python_pjit_helper)
            1    0.001    0.001    0.268    0.268 /home/javilazaro/Documents/meridian/meridian/meridian/analysis/analyzer.py:1311(incremental_outcome)
        41/24    0.000    0.000    0.261    0.011 /home/javilazaro/.local/lib/python3.13/site-packages/jax/_src/profiler.py:361(wrapper)
            4    0.000    0.000    0.207    0.052 /home/javilazaro/.local/lib/python3.13/site-packages/jax/_src/pjit.py:1721(_pjit_call_impl_python)
            4    0.000    0.000    0.133    0.033 /home/javilazaro/.local/lib/python3.13/site-packages/jax/_src/interpreters/pxla.py:2512(compile)
            4    0.000    0.000    0.132    0.033 /home/javilazaro/.local/lib/python3.13/site-packages/jax/_src/interpreters/pxla.py:3027(from_hlo)

  ▸ 5. BudgetOptimizer (optimize)
    ───────────────────────────────────────────────────────
       List reduced from 2019 to 15 due to restriction <15>
            1    0.000    0.000    3.391    3.391 /home/javilazaro/Documents/meridian-profiling/meridian_synthetic_data.py:118(ejecutar_budget_optimizer)
            1    0.000    0.000    3.391    3.391 /home/javilazaro/Documents/meridian/meridian/meridian/analysis/optimizer.py:1436(optimize)
            1    0.000    0.000    2.373    2.373 /home/javilazaro/Documents/meridian/meridian/meridian/analysis/optimizer.py:2079(create_optimization_grid)
            1    0.001    0.001    2.310    2.310 /home/javilazaro/Documents/meridian/meridian/meridian/analysis/optimizer.py:2691(_create_grids)
           75    0.007    0.000    2.249    0.030 /home/javilazaro/Documents/meridian/meridian/meridian/analysis/optimizer.py:2590(_update_incremental_outcome_grid)
    3680/3624    1.423    0.000    1.425    0.000 {built-in method numpy.asarray}
           81    0.015    0.000    0.926    0.011 /home/javilazaro/Documents/meridian/meridian/meridian/analysis/analyzer.py:1311(incremental_outcome)
            3    0.001    0.000    0.864    0.288 /home/javilazaro/Documents/meridian/meridian/meridian/analysis/optimizer.py:2410(_create_budget_dataset)
        72/35    0.000    0.000    0.815    0.023 /home/javilazaro/.local/lib/python3.13/site-packages/jax/_src/traceback_util.py:176(reraise_with_filtered_traceback)

=================================================================
  HOTSPOTS DE MEMORIA
=================================================================

  ▸ 1. InputData (xarray)
       +1.21 MB  /home/javilazaro/Documents/meridian/meridian/meridian/data/test_utils.py:700
       +1.19 MB  /home/javilazaro/Documents/meridian/meridian/meridian/data/test_utils.py:829
       +0.48 MB  /home/javilazaro/.local/lib/python3.13/site-packages/numpy/_core/fromnumeric.py:54
       +0.48 MB  /home/javilazaro/Documents/meridian/meridian/meridian/data/test_utils.py:1142
       +0.48 MB  /home/javilazaro/Documents/meridian/meridian/meridian/data/test_utils.py:1246

  ▸ 2. Meridian (instanciacion)
       +0.62 MB  <frozen importlib._bootstrap_external>:784
       +0.53 MB  /home/javilazaro/.local/lib/python3.13/site-packages/jax/_src/config.py:228
       +0.41 MB  /home/javilazaro/.local/lib/python3.13/site-packages/jax/_src/source_info_util.py:213
       +0.39 MB  <frozen abc>:123
       +0.14 MB  /home/javilazaro/.local/lib/python3.13/site-packages/jax/_src/interpreters/pxla.py:2956

  ▸ 3. Sample prior (10 draws)
       +0.77 MB  /home/javilazaro/.local/lib/python3.13/site-packages/jax/_src/config.py:228
       +0.28 MB  /home/javilazaro/.local/lib/python3.13/site-packages/jax/_src/source_info_util.py:213
       +0.25 MB  /home/javilazaro/.local/lib/python3.13/site-packages/jax/_src/interpreters/pxla.py:2956
       +0.17 MB  /home/javilazaro/Documents/meridian/meridian/meridian/model/knots.py:112
       +0.15 MB  /home/javilazaro/.local/lib/python3.13/site-packages/jax/_src/interpreters/pxla.py:2437

  ▸ 4. Analyzer (incremental_outcome)
       +0.06 MB  /home/javilazaro/.local/lib/python3.13/site-packages/jax/_src/source_info_util.py:213

  ▸ 5. BudgetOptimizer (optimize)
       +0.15 MB  /home/javilazaro/.local/lib/python3.13/site-packages/jax/_src/config.py:228
       +0.13 MB  /usr/lib/python3.13/dataclasses.py:1323
       +0.09 MB  /home/javilazaro/.local/lib/python3.13/site-packages/jax/_src/source_info_util.py:213
       +0.06 MB  /home/javilazaro/.local/lib/python3.13/site-packages/jax/_src/interpreters/pxla.py:2956
